0 info it worked if it ends with ok
1 verbose cli [ '/usr/local/bin/node', '/usr/local/bin/npm', 'publish' ]
2 info using npm@3.10.10
3 info using node@v6.11.0
4 verbose publish [ '.' ]
5 silly cache add args [ '.', null ]
6 verbose cache add spec .
7 silly cache add parsed spec Result {
7 silly cache add   raw: '.',
7 silly cache add   scope: null,
7 silly cache add   escapedName: null,
7 silly cache add   name: null,
7 silly cache add   rawSpec: '.',
7 silly cache add   spec: '/Volumes/fiverr_dev/passable',
7 silly cache add   type: 'directory' }
8 verbose addLocalDirectory /Users/evyatar.alush/.npm/passable/5.5.2/package.tgz not in flight; packing
9 verbose correctMkdir /Users/evyatar.alush/.npm correctMkdir not in flight; initializing
10 info lifecycle passable@5.5.2~prepublish: passable@5.5.2
11 silly lifecycle passable@5.5.2~prepublish: no script for prepublish, continuing
12 verbose tar pack [ '/Users/evyatar.alush/.npm/passable/5.5.2/package.tgz',
12 verbose tar pack   '/Volumes/fiverr_dev/passable' ]
13 verbose tarball /Users/evyatar.alush/.npm/passable/5.5.2/package.tgz
14 verbose folder /Volumes/fiverr_dev/passable
15 verbose addLocalTarball adding from inside cache /Users/evyatar.alush/.npm/passable/5.5.2/package.tgz
16 verbose correctMkdir /Users/evyatar.alush/.npm correctMkdir not in flight; initializing
17 silly cache afterAdd passable@5.5.2
18 verbose afterAdd /Users/evyatar.alush/.npm/passable/5.5.2/package/package.json not in flight; writing
19 verbose correctMkdir /Users/evyatar.alush/.npm correctMkdir not in flight; initializing
20 verbose afterAdd /Users/evyatar.alush/.npm/passable/5.5.2/package/package.json written
21 silly publish { name: 'passable',
21 silly publish   version: '5.5.2',
21 silly publish   description: 'Isomorphic Data Model Validations',
21 silly publish   main: './dist/Passable.min.js',
21 silly publish   author: { name: 'Evyatar', email: 'evyatar.a@fiverr.com' },
21 silly publish   license: 'MIT',
21 silly publish   scripts:
21 silly publish    { build: 'WEBPACK_ENV=build webpack',
21 silly publish      'build:watch': 'webpack --watch',
21 silly publish      dev: 'WEBPACK_ENV=dev webpack --progress --colors --watch',
21 silly publish      'test:custom': 'mocha --compilers js:babel-core/register --colors -w \'./src/**/*custom.spec.js\'',
21 silly publish      'test:global_custom': 'mocha --compilers js:babel-core/register --colors -w \'./src/spec/passable.api.global-custom.spec.js\'',
21 silly publish      'test:enforce': 'mocha --compilers js:babel-core/register --colors -w \'./src/enforce/spec.js\'',
21 silly publish      'test:pass_runner': 'mocha --compilers js:babel-core/register --colors -w \'./src/pass_runner/spec.js\'',
21 silly publish      'test:watch': 'mocha --compilers js:babel-core/register --colors -w \'./src/**/*spec.js\'',
21 silly publish      test: 'mocha --compilers js:babel-core/register --colors \'./src/**/*spec.js\'',
21 silly publish      eslint: 'eslint -c .eslintrc \'./src/**/*.js\'; exit 0' },
21 silly publish   repository:
21 silly publish    { type: 'git',
21 silly publish      url: 'git+https://github.com/ealush/passable.git' },
21 silly publish   bugs: { url: 'https://github.com/ealush/passable/issues' },
21 silly publish   homepage: 'https://github.com/ealush/passable#readme',
21 silly publish   devDependencies:
21 silly publish    { 'babel-cli': '^6.24.1',
21 silly publish      'babel-core': '^6.25.0',
21 silly publish      'babel-loader': '^7.1.0',
21 silly publish      'babel-plugin-add-module-exports': '^0.2.1',
21 silly publish      'babel-preset-es2015': '^6.24.1',
21 silly publish      chai: '^4.0.2',
21 silly publish      eslint: '^4.1.1',
21 silly publish      'eslint-loader': '^ 1.8.0',
21 silly publish      mocha: '^3.4.2',
21 silly publish      webpack: '^3.0.0',
21 silly publish      'window-or-global': '^1.0.1' },
21 silly publish   readme: '# Passable\n\nIsomorphic data model validations made easy.\n\n[![npm version](https://badge.fury.io/js/passable.svg)](https://badge.fury.io/js/passable) [![Build Status](https://travis-ci.org/ealush/passable.svg?branch=master)](https://travis-ci.org/ealush/passable) [![bitHound Overall Score](https://www.bithound.io/github/ealush/passable/badges/score.svg)](https://www.bithound.io/github/ealush/passable)\n\n[LIVE DEMO](https://ealush.github.io/passable/) (try it in your browser);\n---\n\n\n* [Installation](#installation)\n* [What is Passable?](#what-is-passable)\n* [Why Passable](#key-benefits)\n    * [Structured Validations](#structured-validations)\n    * [Isomorphic Validations](#isomorphic-validations)\n* [How to use Passable](#how-to-use-passable)\n    * [Writing Tests](#writing-tests)\n    * [The Response Object](#the-response-object)\n        * [Why no isValid](#note-no-isvalid-prop)\n    * [Accepted Params](#passable-params)\n        * [Running specific passes](#running-specific-pass)\n        * [The Pass Function](#the-pass-function)\n            * [How to fail a pass function](#all-ways-to-fail-a-pass)\n            * [Warn Only Tests](#warn-only-pass)\n    * [The Enforce Function](#the-enforce-function)\n        * [Enforce Rules](#enforce-rules)\n        * [Adding custom rules](#adding-more-custom-rules)\n            * [Globally](#addind-custom-rules-globally)\n            * [Per Form](#addind-custom-rules-for-a-single-tests-run)\n    * [Using with other assertion libraries](#using-with-other-assertion-libraries)\n\n# Installation\n```npm install passable --save```\n\n# What is Passable\nPassable is a system for javascript applications that allows you to write structured data model validations in a way that\'s consistent all accross your app, and fully reusable.\n\nInspired by the world of unit tests, Passable validations are written like actual specs that need to be passed. The syntax is very similar, adapted to be more suitable for testing data model.\n\n![alt tag](https://raw.githubusercontent.com/ealush/passable/gh-pages/passable_diagram.png)\n\n## Key Benefits\n### **Structured Validations**\n\nThe basic notion behind Passable is that you would want to structure your data model validation in your application, in a way that\'s consistent and easy to follow. It isn\'t much of a problem in a smaller scale application, but as the application gets larger, and more complex, it gets harder to keep track of the different flows of the application and the ways data model validations are performed in each one. Passable gives you a consistent structure to construct your data model validations, in a way that\'s both reusable and easy to read.\n\n### **Isomorphic Validations**\n\nThe other, use of Passable, is server side validations. Since most of the times we perform validations, we send the data back to the server, we would like to perform the tests there as well. This causes a great deal of confusion and error. It is hard to keep the validations in the server and the client synced, so if we update a validation in the client side, or the server, it is easy to neglet and change it on the other side as well. Even if we do keep them up to date, it is easy, especially if the server and the client are written in different languages, to have a slightly different interpertation of the logic on each end, whic, eventually, causes inconsistencies and bugs.\n\nInstead, with Passable, you could just as easily set up a data model validations server that would run the same exact validation code that runs in the browser. No duplication, no sync problems.\n\n [Here is an example server](https://github.com/ealush/passable-server) running Passable, both as  a file server, and as a validations server.\n\n # How to use Passable\n ## Writing tests\n Much like when writing unit-tests, writing validations with Passable is all about knowing in advance which values you expect to get. The structure is very similar to the familiar unit test `describe/it/expect` combo, only that with Passable the functions you will mostly run are `Passable/pass/enforce`.\n\n * `Passable` - the wrapper for your form validation, much like the describe function in unit tests.\n * `pass` - a single tests, most commonly a single field, much like the it function in unit tests.\n * `enforce` - the function which gets and enforces the data model compliance, similar to the expect function in unit tests.\n\nThe most basic test would looke somewhat like this:\n\n```js\n// data = {\n//     username: \'ealush\',\n//     age: 27\n// }\nPassable(\'NewUserForm\', (pass, enforce) => {\n    pass(\'username\', \'Must be a string between 2 and 10 chars\', () => {\n        enforce(data.username).allOf({\n            isString: true,\n            largerThan: 1,\n            smallerThan: 11\n        });\n    });\n\n    pass(\'age\', \'Can either be empty, or larger than 18\', () => {\n        enforce(data.age).anyOf({\n            isEmpty: true,\n            largerThan: 18\n        });\n    })\n});\n```\n\nIn the example above, we tested a form named `NewUserForm`, and ran two tets on it. One of the `username` field, and one on the `age` field. When testing the username field, we made sure that **all** conditions are true, and when testing age, we made sure that **at least one** condition is true.\n\nIf our validation fails, among other information, we would get the names of the fields, and an array of errors for each, so we can show them back to the user.\n\n### The response object:\nIn the response object you will find the following:\n* name: `string` | the name of the form being validated\n* hasValidationErrors: `boolean` | whether there are validation errors or not\n* hasValidationWarnings: `boolean` | whether there are validation warnings or not\n* failCount: `number` | overall errors count for this form\n* warnCount: `number` | overall warning count for this form\n* testCount: `number` | overall test count in this form\n* testsPerformed: `object` | detailed stats per each field\n    * [field-name]: `object` | per field data\n        * testCount: `number` | test count for the field.\n        * failCount: `number` | error count for the field.\n        * warnCount: `number` | warning count for the field.\n* validationErrors: `object` | actual errors per each field\n    * [field-name]: `array` | all error strings for thes field\n* validationWarnings: `object` | actual warnings per each field\n    * [field-name]: `array` | all warning strings for thes field\n* skipped | `array` | all skipped fields (empty, unless the `specific` option is used)\n\n#### **Note** No `isValid` prop\nThere is **no** `isValid` prop, this is by design. Passable cannot know your business logic, nor can it ever assume that `0` errors means valid response. `0` errors can be due to skipped fields. Same goes for isInvalid. Even though, usually, errors mean invalidity, it is not always the case. This is why Passable gives you all the information about the tests, but it is your job to decide whether it means that the validation failed or not.\n\n**A passing** response object would look somewhat like this:\n```js\n{\n  "name": "NewUserForm",\n  "hasValidationErrors": false,\n  "hasValidationWarnings": false,\n  "failCount": 0,\n  "warnCount": 0,\n  "testCount": 2,\n  "testsPerformed": {\n    "username": {\n      "testCount": 1,\n      "failCount": 0,\n      "warnCount": 0\n    },\n    "age": {\n      "testCount": 1,\n      "failCount": 0,\n      "warnCount": 0\n    }\n  },\n  "validationErrors": {},\n  "validationWarnings": {},\n  "skipped": []\n}\n```\n\n**A failing** response object would look somewhat like this\n```js\n{\n  "name": "NewUserForm",\n  "hasValidationErrors": true,\n  "hasValidationWarnings": false,\n  "failCount": 2,\n  "warnCount": 0,\n  "testCount": 2,\n  "testsPerformed": {\n    "username": {\n      "testCount": 1,\n      "failCount": 1,\n      "warnCount": 0\n    },\n    "age": {\n      "testCount": 1,\n      "failCount": 1,\n      "warnCount": 0\n    }\n  },\n  "validationErrors": {\n    "username": [\n      "Must be a string between 2 and 10 chars"\n    ],\n    "age": [\n      "Can either be empty, or larger than 18"\n    ]\n  },\n  "validationWarnings": {},\n  "skipped": []\n}\n```\n\n## Passable params\n\n| Name       | Optional? | type     | Description                                                               |\n|------------|:---------:|:--------:|---------------------------------------------------------------------------|\n| `name`     | No        | String   | A name for the group of tests. E.G - form name                            |\n| `specific` | Yes       | Array    | Whitelist of tests to run. Can be completely ommitted                     |\n| `passes`   | No        | Function | A function containing the actual validation logic.                        |\n| `custom`   | Yes       | Object   | Custom rules to extend the basic ruleset with. Can be completely ommitted |\n\n![alt tag](https://raw.githubusercontent.com/ealush/passable/gh-pages/passable-api.jpg)\n\n### Running `specific` pass\nSometimes you want to test only a specific field out of the whole form. For example, when validating upon user interaction, such as input change, you probably do not want to validate all other fields as well. Same goes for only validating dirty/touched fields.\nWith the `specific` param, it is as easy as passing the names of the fields you wish to test. All other fields will be skipped and not tested.\n\nThe specific param is optional, and it accepts an array of fields to include - must be the same as the names specified in their `pass` function. The way easiest to use it, is to wrap your validation with a function that passes down the fields to include, only if needed.\n\nIn the following example, only First pass is going to run. Second will be skipped.\n```js\nconst result = SpecificTests([\'First\']);\n\nfunction SpecificTests (specific) {\n    return Passable(\'SpecificTests\', specific, (pass, enforce) => {\n        pass(\'First\',  \'should pass\', () => {...});\n        pass(\'Second\', \'should be skipped\', () => {...});\n    });\n};\n```\n\n## The `pass` function\nThe pass function is a single test in your validations. It is similar to unit tests `it` function. `pass` accepts the name of the test, the error message and the actual test function. If you explicitly return true, or if your enforce function passed correctly, it is assumed that the pass is true.\n\nYou can have multipe `pass` functions for each field, each with a different error.\n\n```js\nPassable(\'MyForm\', (pass, enforce) => {\n    pass(\'name\',  \'should be ...\', () => {...});\n    pass(\'name\',  \'should be ...\', () => {...});\n    pass(\'age\', \'should be ...\', () => {...});\n});\n```\n\n### All ways to fail a `pass`\nThere are three ways of failing a pass, and marking it as having a validation error:\n* Having an `enforce` function which ends up failing.\n    ```js\n        pass(\'field\', \'should fail by enforce\', () => {\n            enforce(1).allOf({ largerThan: 5 });\n        });\n    ```\n* explicitly returning false from the `pass` itself (running some logic that returns false).\n    ```js\n        pass(\'filed\', \'should explicitly fail by false\', () => false);\n        pass(\'filed\', \'should explicitly fail by false\', () => { return 1 !== 1; });\n    ```\n* Throwing an Error from within the `pass`. Thrown errors within the `pass` function are caught and handled to mark the pass as failing.\n    ```js\n        pass(\'filed\', \'should fail by a thrown error\', () => { throw new Error(); });\n    ```\n\n### Warn only `pass`\nBy default, a failing `pass` will set `hasValidationErrors` to `true`. Sometimes you would want to set a warn-only validation test (password strength, for example). In this case, you would add the \'warn\' flag to your pass function.\nThis will leave `hasValidationErrors` unchanged (other tests may have set it to `true`), and update `hasValidationWarnings` to `true`. It will also bump up `warnCount`.\n\nIf no flag is added, your pass function will default to `fail`.\n\n```\nPassable(\'WarnAndPass\', (pass, enforce) => {\n    pass(\'WarnMe\', \'Should warn and not fail\', \'warn\', () => false);\n});\n```\n\nWill result in the following object:\n```js\n{\n    name: \'WarnAndPass\',\n    skipped: [],\n    hasValidationErrors: false,\n    hasValidationWarnings: true,\n    testsPerformed: {\n        WarnMe: {\n            testCount: 1,\n            failCount: 0,\n            warnCount: 1\n        }\n    },\n    validationErrors: {},\n    validationWarnings: {\n        WarnMe: [\n            \'Should warn and not fail\'\n        ]\n    },\n    failCount: 0,\n    warnCount: 1,\n    testCount: 1\n}\n```\n\n## The `enforce` function\nThe `enforce` function runs your data against different rules and condition. It is basically, the default assertion method for Passable tests. Its intended use is for validations logic that gets repeated over and over again and shouldn\'t be written manually. For each rule, you may also pass either value or an options object that may be used by the function of the rule.\n\nThe enforce function exposes the following functions:\n\n* `allOf`  | `AND` | makes sure all rules specified are true.\n* `anyOf`  | `OR`  | makes sure at least one rule is true.\n* `noneOf` | `NOT` | makes sure no rule is true.\n\nAll of these functions are chainable. All functions other can be used more than once. All enforce chain-blocks are in an AND relationship, which means that if one block is false the others won\'t get evaluated.\nAll the following are valid uses of enforce.\n\n```js\nenforce([1,2,3,4,5,6]).anyOf({\n        largerThan: 5, // in anyOf - this one is enough to set the anyOf block to true\n        smallerThan: 6,\n    }).noneOf({\n        isString: true, // in noneOf, all must be false\n        isNumber: true\n    }).allOf({\n        isArray: true\n    }); // true\n\n    -------------\n\n    enforce(\'North Dakota, por favor\').noneOf({\n        largerThan: 5,\n        smallerThan: 2,\n        matches: /[0-9]/\n    }); // false\n\n    -------------\n\n    enforce(\'I consider it asshole tax\').anyOf({\n        largerThan: 5,\n        smallerThan: 2\n    }).anyOf({\n        smallerThan: 150\n    }); // true\n```\n\nWhen using enforce, you do not have to return the result (although you may), each of your enforce tests updates the result of the whole pass. You may also use multiple enforces in the same pass function, they will run in sequence.\n\n```js\nPassable(\'enforcement\', (pass, enforce) => {\n    pass(\'test\', \'multiple enforces\', () => {\n        enforce(\'str1\').allOf({...}).anyOf({...});\n        enforce(\'str2\').noneOf({...});\n        enforce(\'str3\').anyOf({...});\n    });\n});\n```\n\n### Enforce rules\n\nPassable comes with the following rules (click for detailed info)\n* [isArray](./src/enforce/rules/lang/is_array#rule---isarray) Determines whether a given value is an array or not.\n* [isString](./src/enforce/rules/lang/is_string#rule---isstring) Determines whether a given value is a string or not.\n* [isNumber](./src/enforce/rules/lang/is_number#rule---isnumber) Determines whether a given value is a number or not.\n* [isEmpty](./src/enforce/rules/size/is_empty#rule---isempty) Returns true if a given value is empty.\n* [matches](./src/enforce/rules/content/matches#rule---matches) Tests value against RegExp.\n* [inside](./src/enforce/rules/content/inside#rule---inside) Checks if a value is contained inside another value.\n* [largerThan](./src/enforce/rules/size/larger_than#rule---largerthan) Compares numbers, array/string lengths and object sizes.\n* [sizeEquals](./src/enforce/rules/size/size_equals#rule---sizeequals) Compares numbers, array/string lengths and object sizes.\n* [smallerThan](./src/enforce/rules/size/smaller_than#rule---smallerthan) Compares numbers, array/string lengths and object sizes.\n\n## Adding more (/custom) rules\nTo make it easier to reuse logic across your application, sometimes you would want to encapsulate bits of logic in rules that you can later on use, for example, what\'s considered a valid email.\n\nYour custom rules are essentially a single javascript object containing your rules.\n```js\nconst myCustomRules = {\n    isValidEmail: (value) => value.indexOf(\'@\') > -1,\n    hasKey: (value, {key}) => value.hasOwnProperty(key),\n    passwordsMatch: (passConfirm, options) => passConfirm === options.passConfirm && options.passIsValid\n}\n```\nJust like the predefined rules, your custom rules can accepts two parameters:\n* `value` The actual value you are testing against.\n* `options` (optional) the options object which you pass when running your tests.\n\n### Addind custom rules globally\nIt is possible to add a global custom rules object named `customPassableRules` (to `window`, in the browser, or to `global` on the server) and have it store all your custom rules. This is especially useful when you have many tests that rely on the same logic, and you don\'t want to manually define them for each passable run.\n\nPassable will grab all the rules configured in this object:\n```js\n// browser:\nwindow.customPassableRules = {\n    alwaysTrue: () => true,\n    alwaysFalse: () => false,\n    hasKey: (value, key) => value.hasOwnProperty(key)\n}\n\n// node:\nglobal.customPassableRules = {\n    alwaysTrue: () => true,\n    alwaysFalse: () => false,\n    hasKey: (value, key) => value.hasOwnProperty(key)\n}\n```\n\n### Addind custom rules for a single tests run\nSometimes you just want to extend Passable with more options that are not used anywhere else and shouldn\'t be stored globally.\n\nAdding your rules so they are available to the enforce function is as simple as running Passable with another param.\n```js\n    const myCustomRules = {\n        isValidEmail: (value) => value.indexOf(\'@\') > -1,\n        hasKey: (value, {key}) => value.hasOwnProperty(key),\n        passwordsMatch: (passConfirm, options) => passConfirm === options.passConfirm && options.passIsValid\n    }\n\n    Passable(\'GroupName\', () => {...}, myCustomRules);\n```\n```js\n    Passable(\'GroupName\', (pass, enforce) => {\n        pass(\'TestName\', \'Must have a valid email\', () => {\n            enforce(user.email).allOf({\n                isValidEmail: null\n            });\n        });\n    }, myCustomRules);\n```\n\n## Using with other assertion libraries\nUsing other assertion libraries along with Passable can\'t be easier. Most popular assertion libraries are supported by default, and many others are supported as well. Basically, if it throws an error, it works. You can even use it alongside enforce. Say you want some `chaijs` goodness in Passable, here is how to do it:\n\n```js\nimport { expect } from chai; // you can also just embed chai as a script tag if you don\'t use es6 imports\n\n// data = {\n//     username: \'ealush\',\n//     age: 27\n// }\n\nPassable(\'FormWithChai\', (pass, enforce) => {\n    pass(\'username\', \'Should be a string\', () => {\n        expect(data.username).to.be.a(\'string\');\n    });\n\n    pass(\'age\', \'Should be a number and larger than 18\', () => {\n        expect(data.age).to.be.a(\'number\');\n        enforce(data.age).allOf({\n            largerThan: 18\n        });\n    });\n});\n\n```\n\n',
21 silly publish   readmeFilename: 'README.md',
21 silly publish   gitHead: '36285377721808629bc2a48a7c9c594d0e0ba85c',
21 silly publish   _id: 'passable@5.5.2',
21 silly publish   _shasum: 'b48906e56f6907f95e2a1c274b22ae14c3bda5c0',
21 silly publish   _from: '.' }
22 verbose getPublishConfig undefined
23 silly mapToRegistry name passable
24 silly mapToRegistry using default registry
25 silly mapToRegistry registry https://registry.npmjs.org/
26 silly mapToRegistry data Result {
26 silly mapToRegistry   raw: 'passable',
26 silly mapToRegistry   scope: null,
26 silly mapToRegistry   escapedName: 'passable',
26 silly mapToRegistry   name: 'passable',
26 silly mapToRegistry   rawSpec: '',
26 silly mapToRegistry   spec: 'latest',
26 silly mapToRegistry   type: 'tag' }
27 silly mapToRegistry uri https://registry.npmjs.org/passable
28 verbose publish registryBase https://registry.npmjs.org/
29 silly publish uploading /Users/evyatar.alush/.npm/passable/5.5.2/package.tgz
30 verbose request uri https://registry.npmjs.org/passable
31 verbose request sending authorization for write operation
32 info attempt registry request try #1 at 11:03:59 PM
33 verbose request using bearer token for auth
34 verbose request id 310b6c019244741c
35 http request PUT https://registry.npmjs.org/passable
36 http 403 https://registry.npmjs.org/passable
37 verbose headers { 'content-type': 'application/json',
37 verbose headers   'cache-control': 'max-age=300',
37 verbose headers   'content-length': '95',
37 verbose headers   'accept-ranges': 'bytes',
37 verbose headers   date: 'Thu, 13 Jul 2017 20:02:00 GMT',
37 verbose headers   via: '1.1 varnish',
37 verbose headers   connection: 'keep-alive',
37 verbose headers   'x-served-by': 'cache-mad9435-MAD',
37 verbose headers   'x-cache': 'MISS',
37 verbose headers   'x-cache-hits': '0',
37 verbose headers   'x-timer': 'S1499976119.710851,VS0,VE1395',
37 verbose headers   vary: 'Accept-Encoding, Accept' }
38 verbose request invalidating /Users/evyatar.alush/.npm/registry.npmjs.org/passable on PUT
39 error publish Failed PUT 403
40 verbose stack Error: "You cannot publish over the previously published version 5.5.2." : passable
40 verbose stack     at makeError (/usr/local/lib/node_modules/npm/node_modules/npm-registry-client/lib/request.js:302:12)
40 verbose stack     at CachingRegistryClient.<anonymous> (/usr/local/lib/node_modules/npm/node_modules/npm-registry-client/lib/request.js:290:14)
40 verbose stack     at Request._callback (/usr/local/lib/node_modules/npm/node_modules/npm-registry-client/lib/request.js:210:14)
40 verbose stack     at Request.self.callback (/usr/local/lib/node_modules/npm/node_modules/request/request.js:187:22)
40 verbose stack     at emitTwo (events.js:106:13)
40 verbose stack     at Request.emit (events.js:191:7)
40 verbose stack     at Request.<anonymous> (/usr/local/lib/node_modules/npm/node_modules/request/request.js:1048:10)
40 verbose stack     at emitOne (events.js:96:13)
40 verbose stack     at Request.emit (events.js:188:7)
40 verbose stack     at IncomingMessage.<anonymous> (/usr/local/lib/node_modules/npm/node_modules/request/request.js:969:12)
41 verbose statusCode 403
42 verbose pkgid passable
43 verbose cwd /Volumes/fiverr_dev/passable
44 error Darwin 16.5.0
45 error argv "/usr/local/bin/node" "/usr/local/bin/npm" "publish"
46 error node v6.11.0
47 error npm  v3.10.10
48 error code E403
49 error "You cannot publish over the previously published version 5.5.2." : passable
50 error If you need help, you may report this error at:
50 error     <https://github.com/npm/npm/issues>
51 verbose exit [ 1, true ]
